Using pre-set license
Built from '2020.2/staging' branch; Version is '2020.2.3f1 (8ff31bc5bf5b) revision 9433883'; Using compiler version '192528614'; Build Type 'Release'
OS: 'Windows 10 Home Single Language; OS build 18363.1440; Version 1909; 64bit' Language: 'es' Physical Memory: 11164 MB
BatchMode: 1, IsHumanControllingUs: 0, StartBugReporterOnCrash: 0, Is64bit: 1, IsPro: 0

 COMMAND LINE ARGUMENTS:
C:\Program Files\Unity\Hub\Editor\2020.2.3f1\Editor\Unity.exe
-adb2
-batchMode
-noUpm
-name
AssetImportWorker0
-projectPath
D:/Unity projects/Mi-primer-juego-en-Unity-3D/Jump
-logFile
Logs/AssetImportWorker0.log
-srvPort
3453
Successfully changed project path to: D:/Unity projects/Mi-primer-juego-en-Unity-3D/Jump
D:/Unity projects/Mi-primer-juego-en-Unity-3D/Jump
Using Asset Import Pipeline V2.
Refreshing native plugins compatible for Editor in 157.25 ms, found 0 plugins.
Preloading 0 native plugins for Editor in 0.00 ms.
Initialize engine version: 2020.2.3f1 (8ff31bc5bf5b)
[Subsystems] Discovering subsystems at path C:/Program Files/Unity/Hub/Editor/2020.2.3f1/Editor/Data/Resources/UnitySubsystems
[Subsystems] Discovering subsystems at path D:/Unity projects/Mi-primer-juego-en-Unity-3D/Jump/Assets
GfxDevice: creating device client; threaded=0
Direct3D:
    Version:  Direct3D 11.0 [level 11.1]
    Renderer: AMD Radeon(TM) Vega 8 Graphics (ID=0x15dd)
    Vendor:   
    VRAM:     5582 MB
    Driver:   27.20.12033.1007
Shader 'Universal Render Pipeline/Particles/Lit': fallback shader 'Universal Render Pipeline/Particles/SimpleLit' not found
Initialize mono
Mono path[0] = 'C:/Program Files/Unity/Hub/Editor/2020.2.3f1/Editor/Data/Managed'
Mono path[1] = 'C:/Program Files/Unity/Hub/Editor/2020.2.3f1/Editor/Data/MonoBleedingEdge/lib/mono/unityjit'
Mono config path = 'C:/Program Files/Unity/Hub/Editor/2020.2.3f1/Editor/Data/MonoBleedingEdge/etc'
Using monoOptions --debugger-agent=transport=dt_socket,embedding=1,server=y,suspend=n,address=127.0.0.1:56960
Begin MonoManager ReloadAssembly
Registering precompiled unity dll's ...
Register platform support module: C:/Program Files/Unity/Hub/Editor/2020.2.3f1/Editor/Data/PlaybackEngines/WindowsStandaloneSupport/UnityEditor.WindowsStandalone.Extensions.dll
Registered in 0.018185 seconds.
Native extension for WindowsStandalone target not found
Refreshing native plugins compatible for Editor in 206.34 ms, found 0 plugins.
Preloading 0 native plugins for Editor in 0.00 ms.
Invoked RoslynAnalysisRunner static constructor.
RoslynAnalysisRunner will not be running.
RoslynAnalysisRunner has terminated.
Mono: successfully reloaded assembly
- Completed reload, in  7.251 seconds
Platform modules already initialized, skipping
Registering precompiled user dll's ...
Registered in 0.006862 seconds.
Begin MonoManager ReloadAssembly
Native extension for WindowsStandalone target not found
Refreshing native plugins compatible for Editor in 170.35 ms, found 0 plugins.
Preloading 0 native plugins for Editor in 0.00 ms.
Invoked RoslynAnalysisRunner static constructor.
RoslynAnalysisRunner will not be running.
RoslynAnalysisRunner has terminated.
Mono: successfully reloaded assembly
- Completed reload, in  4.099 seconds
Platform modules already initialized, skipping
========================================================================
Worker process is ready to serve import requests
Shader 'Universal Render Pipeline/Particles/Lit': fallback shader 'Universal Render Pipeline/Particles/SimpleLit' not found
Launched and connected shader compiler UnityShaderCompiler.exe after 0.43 seconds
Refreshing native plugins compatible for Editor in 1.47 ms, found 0 plugins.
Preloading 0 native plugins for Editor in 0.00 ms.
Unloading 2707 Unused Serialized files (Serialized files now loaded: 0)
System memory in use before: 123.4 MB.
System memory in use after: 123.6 MB.

Unloading 15 unused Assets to reduce memory usage. Loaded Objects now: 3164.
Total: 7.520000 ms (FindLiveObjects: 0.927200 ms CreateObjectMapping: 0.431900 ms MarkObjects: 5.941200 ms  DeleteObjects: 0.216000 ms)

========================================================================
Received Prepare
Registering precompiled user dll's ...
Registered in 0.006008 seconds.
Begin MonoManager ReloadAssembly
Native extension for WindowsStandalone target not found
Refreshing native plugins compatible for Editor in 1.03 ms, found 0 plugins.
Preloading 0 native plugins for Editor in 0.00 ms.
Invoked RoslynAnalysisRunner static constructor.
RoslynAnalysisRunner will not be running.
RoslynAnalysisRunner has terminated.
Mono: successfully reloaded assembly
- Completed reload, in  3.189 seconds
Platform modules already initialized, skipping
Shader 'Universal Render Pipeline/Particles/Lit': fallback shader 'Universal Render Pipeline/Particles/SimpleLit' not found
Refreshing native plugins compatible for Editor in 1.41 ms, found 0 plugins.
Preloading 0 native plugins for Editor in 0.00 ms.
Unloading 2617 Unused Serialized files (Serialized files now loaded: 0)
System memory in use before: 116.8 MB.
System memory in use after: 117.0 MB.

Unloading 7 unused Assets to reduce memory usage. Loaded Objects now: 3166.
Total: 6.922300 ms (FindLiveObjects: 0.819700 ms CreateObjectMapping: 0.223800 ms MarkObjects: 5.425400 ms  DeleteObjects: 0.449400 ms)

========================================================================
Received Import Request.
  path: Assets/Scripts/PlayerController.cs
  artifactKey: Guid(be3c03f5f5aa8bd4d9210bcecf1530e9) Importer(815301076,1909f56bfc062723c751e8b465ee728b)
Start importing Assets/Scripts/PlayerController.cs using Guid(be3c03f5f5aa8bd4d9210bcecf1530e9) Importer(815301076,1909f56bfc062723c751e8b465ee728b)  -> (artifact id: '2dace91176d059edc7e0669ceb7aea56') in 0.152742 seconds
  Import took 0.204559 seconds .

========================================================================
Received Prepare
Registering precompiled user dll's ...
Registered in 0.004754 seconds.
Begin MonoManager ReloadAssembly
Native extension for WindowsStandalone target not found
Refreshing native plugins compatible for Editor in 1.05 ms, found 0 plugins.
Preloading 0 native plugins for Editor in 0.00 ms.
Invoked RoslynAnalysisRunner static constructor.
RoslynAnalysisRunner will not be running.
RoslynAnalysisRunner has terminated.
Mono: successfully reloaded assembly
- Completed reload, in  3.254 seconds
Platform modules already initialized, skipping
Shader 'Universal Render Pipeline/Particles/Lit': fallback shader 'Universal Render Pipeline/Particles/SimpleLit' not found
Refreshing native plugins compatible for Editor in 1.80 ms, found 0 plugins.
Preloading 0 native plugins for Editor in 0.00 ms.
Unloading 2617 Unused Serialized files (Serialized files now loaded: 0)
System memory in use before: 116.9 MB.
System memory in use after: 117.1 MB.

Unloading 7 unused Assets to reduce memory usage. Loaded Objects now: 3168.
Total: 6.188000 ms (FindLiveObjects: 0.653800 ms CreateObjectMapping: 0.226300 ms MarkObjects: 5.140700 ms  DeleteObjects: 0.162700 ms)

========================================================================
Received Prepare
Registering precompiled user dll's ...
Registered in 0.004886 seconds.
Begin MonoManager ReloadAssembly
Native extension for WindowsStandalone target not found
Refreshing native plugins compatible for Editor in 1.04 ms, found 0 plugins.
Preloading 0 native plugins for Editor in 0.00 ms.
Invoked RoslynAnalysisRunner static constructor.
RoslynAnalysisRunner will not be running.
RoslynAnalysisRunner has terminated.
Mono: successfully reloaded assembly
- Completed reload, in  3.347 seconds
Platform modules already initialized, skipping
Shader 'Universal Render Pipeline/Particles/Lit': fallback shader 'Universal Render Pipeline/Particles/SimpleLit' not found
Refreshing native plugins compatible for Editor in 1.16 ms, found 0 plugins.
Preloading 0 native plugins for Editor in 0.00 ms.
Unloading 2617 Unused Serialized files (Serialized files now loaded: 0)
System memory in use before: 116.9 MB.
System memory in use after: 117.1 MB.

Unloading 7 unused Assets to reduce memory usage. Loaded Objects now: 3170.
Total: 7.394800 ms (FindLiveObjects: 1.014600 ms CreateObjectMapping: 0.519200 ms MarkObjects: 5.708000 ms  DeleteObjects: 0.149400 ms)

========================================================================
Received Prepare
Registering precompiled user dll's ...
Registered in 0.004505 seconds.
Begin MonoManager ReloadAssembly
Native extension for WindowsStandalone target not found
Refreshing native plugins compatible for Editor in 1.01 ms, found 0 plugins.
Preloading 0 native plugins for Editor in 0.00 ms.
Invoked RoslynAnalysisRunner static constructor.
RoslynAnalysisRunner will not be running.
RoslynAnalysisRunner has terminated.
Mono: successfully reloaded assembly
- Completed reload, in  3.225 seconds
Platform modules already initialized, skipping
Shader 'Universal Render Pipeline/Particles/Lit': fallback shader 'Universal Render Pipeline/Particles/SimpleLit' not found
Refreshing native plugins compatible for Editor in 1.02 ms, found 0 plugins.
Preloading 0 native plugins for Editor in 0.00 ms.
Unloading 2617 Unused Serialized files (Serialized files now loaded: 0)
System memory in use before: 116.9 MB.
System memory in use after: 117.1 MB.

Unloading 7 unused Assets to reduce memory usage. Loaded Objects now: 3172.
Total: 6.012600 ms (FindLiveObjects: 0.664000 ms CreateObjectMapping: 0.174000 ms MarkObjects: 5.009600 ms  DeleteObjects: 0.161700 ms)

========================================================================
Received Prepare
Registering precompiled user dll's ...
Registered in 0.003814 seconds.
Begin MonoManager ReloadAssembly
Native extension for WindowsStandalone target not found
Refreshing native plugins compatible for Editor in 1.87 ms, found 0 plugins.
Preloading 0 native plugins for Editor in 0.00 ms.
Invoked RoslynAnalysisRunner static constructor.
RoslynAnalysisRunner will not be running.
RoslynAnalysisRunner has terminated.
Mono: successfully reloaded assembly
- Completed reload, in  3.150 seconds
Platform modules already initialized, skipping
Shader 'Universal Render Pipeline/Particles/Lit': fallback shader 'Universal Render Pipeline/Particles/SimpleLit' not found
Refreshing native plugins compatible for Editor in 1.52 ms, found 0 plugins.
Preloading 0 native plugins for Editor in 0.00 ms.
Unloading 2617 Unused Serialized files (Serialized files now loaded: 0)
System memory in use before: 116.9 MB.
System memory in use after: 117.1 MB.

Unloading 7 unused Assets to reduce memory usage. Loaded Objects now: 3174.
Total: 6.431200 ms (FindLiveObjects: 0.596100 ms CreateObjectMapping: 0.175000 ms MarkObjects: 5.492000 ms  DeleteObjects: 0.164800 ms)

========================================================================
Received Prepare
Registering precompiled user dll's ...
Registered in 0.005345 seconds.
Begin MonoManager ReloadAssembly
Native extension for WindowsStandalone target not found
Refreshing native plugins compatible for Editor in 1.19 ms, found 0 plugins.
Preloading 0 native plugins for Editor in 0.00 ms.
Invoked RoslynAnalysisRunner static constructor.
RoslynAnalysisRunner will not be running.
RoslynAnalysisRunner has terminated.
Mono: successfully reloaded assembly
- Completed reload, in  3.819 seconds
Platform modules already initialized, skipping
Shader 'Universal Render Pipeline/Particles/Lit': fallback shader 'Universal Render Pipeline/Particles/SimpleLit' not found
Refreshing native plugins compatible for Editor in 1.08 ms, found 0 plugins.
Preloading 0 native plugins for Editor in 0.00 ms.
Unloading 2617 Unused Serialized files (Serialized files now loaded: 0)
System memory in use before: 116.9 MB.
System memory in use after: 117.1 MB.

Unloading 7 unused Assets to reduce memory usage. Loaded Objects now: 3176.
Total: 5.835500 ms (FindLiveObjects: 0.627400 ms CreateObjectMapping: 0.190600 ms MarkObjects: 4.842300 ms  DeleteObjects: 0.171700 ms)

========================================================================
Received Prepare
Registering precompiled user dll's ...
Registered in 0.007208 seconds.
Begin MonoManager ReloadAssembly
Native extension for WindowsStandalone target not found
Refreshing native plugins compatible for Editor in 1.09 ms, found 0 plugins.
Preloading 0 native plugins for Editor in 0.00 ms.
Invoked RoslynAnalysisRunner static constructor.
RoslynAnalysisRunner will not be running.
RoslynAnalysisRunner has terminated.
Mono: successfully reloaded assembly
- Completed reload, in  3.420 seconds
Platform modules already initialized, skipping
Shader 'Universal Render Pipeline/Particles/Lit': fallback shader 'Universal Render Pipeline/Particles/SimpleLit' not found
Refreshing native plugins compatible for Editor in 1.08 ms, found 0 plugins.
Preloading 0 native plugins for Editor in 0.00 ms.
Unloading 2617 Unused Serialized files (Serialized files now loaded: 0)
System memory in use before: 116.9 MB.
System memory in use after: 117.1 MB.

Unloading 7 unused Assets to reduce memory usage. Loaded Objects now: 3178.
Total: 6.484900 ms (FindLiveObjects: 1.055100 ms CreateObjectMapping: 0.300800 ms MarkObjects: 4.964300 ms  DeleteObjects: 0.161300 ms)

========================================================================
Received Prepare
Registering precompiled user dll's ...
Registered in 0.004375 seconds.
Begin MonoManager ReloadAssembly
Native extension for WindowsStandalone target not found
Refreshing native plugins compatible for Editor in 1.24 ms, found 0 plugins.
Preloading 0 native plugins for Editor in 0.00 ms.
Invoked RoslynAnalysisRunner static constructor.
RoslynAnalysisRunner will not be running.
RoslynAnalysisRunner has terminated.
Mono: successfully reloaded assembly
- Completed reload, in  3.238 seconds
Platform modules already initialized, skipping
Shader 'Universal Render Pipeline/Particles/Lit': fallback shader 'Universal Render Pipeline/Particles/SimpleLit' not found
Refreshing native plugins compatible for Editor in 1.45 ms, found 0 plugins.
Preloading 0 native plugins for Editor in 0.00 ms.
Unloading 2617 Unused Serialized files (Serialized files now loaded: 0)
System memory in use before: 116.9 MB.
System memory in use after: 117.1 MB.

Unloading 7 unused Assets to reduce memory usage. Loaded Objects now: 3180.
Total: 7.479800 ms (FindLiveObjects: 0.880000 ms CreateObjectMapping: 0.287600 ms MarkObjects: 6.113000 ms  DeleteObjects: 0.195600 ms)

========================================================================
Received Prepare
Registering precompiled user dll's ...
Registered in 0.003799 seconds.
Begin MonoManager ReloadAssembly
Native extension for WindowsStandalone target not found
Refreshing native plugins compatible for Editor in 1.26 ms, found 0 plugins.
Preloading 0 native plugins for Editor in 0.00 ms.
Invoked RoslynAnalysisRunner static constructor.
RoslynAnalysisRunner will not be running.
RoslynAnalysisRunner has terminated.
Mono: successfully reloaded assembly
- Completed reload, in  3.188 seconds
Platform modules already initialized, skipping
Shader 'Universal Render Pipeline/Particles/Lit': fallback shader 'Universal Render Pipeline/Particles/SimpleLit' not found
Refreshing native plugins compatible for Editor in 1.20 ms, found 0 plugins.
Preloading 0 native plugins for Editor in 0.00 ms.
Unloading 2617 Unused Serialized files (Serialized files now loaded: 0)
System memory in use before: 116.9 MB.
System memory in use after: 117.1 MB.

Unloading 7 unused Assets to reduce memory usage. Loaded Objects now: 3182.
Total: 5.717600 ms (FindLiveObjects: 0.613700 ms CreateObjectMapping: 0.173200 ms MarkObjects: 4.768600 ms  DeleteObjects: 0.159000 ms)

========================================================================
Received Prepare
Registering precompiled user dll's ...
Registered in 0.003767 seconds.
Begin MonoManager ReloadAssembly
Native extension for WindowsStandalone target not found
Refreshing native plugins compatible for Editor in 1.19 ms, found 0 plugins.
Preloading 0 native plugins for Editor in 0.00 ms.
Invoked RoslynAnalysisRunner static constructor.
RoslynAnalysisRunner will not be running.
RoslynAnalysisRunner has terminated.
Mono: successfully reloaded assembly
- Completed reload, in  3.207 seconds
Platform modules already initialized, skipping
Shader 'Universal Render Pipeline/Particles/Lit': fallback shader 'Universal Render Pipeline/Particles/SimpleLit' not found
Refreshing native plugins compatible for Editor in 1.45 ms, found 0 plugins.
Preloading 0 native plugins for Editor in 0.00 ms.
Unloading 2617 Unused Serialized files (Serialized files now loaded: 0)
System memory in use before: 116.9 MB.
System memory in use after: 117.1 MB.

Unloading 7 unused Assets to reduce memory usage. Loaded Objects now: 3184.
Total: 8.356200 ms (FindLiveObjects: 0.905700 ms CreateObjectMapping: 0.388900 ms MarkObjects: 6.889600 ms  DeleteObjects: 0.168100 ms)

========================================================================
Received Prepare
Registering precompiled user dll's ...
Registered in 0.005367 seconds.
Begin MonoManager ReloadAssembly
Native extension for WindowsStandalone target not found
Refreshing native plugins compatible for Editor in 1.01 ms, found 0 plugins.
Preloading 0 native plugins for Editor in 0.00 ms.
Invoked RoslynAnalysisRunner static constructor.
RoslynAnalysisRunner will not be running.
RoslynAnalysisRunner has terminated.
Mono: successfully reloaded assembly
- Completed reload, in  3.305 seconds
Platform modules already initialized, skipping
Shader 'Universal Render Pipeline/Particles/Lit': fallback shader 'Universal Render Pipeline/Particles/SimpleLit' not found
Refreshing native plugins compatible for Editor in 1.04 ms, found 0 plugins.
Preloading 0 native plugins for Editor in 0.00 ms.
Unloading 2617 Unused Serialized files (Serialized files now loaded: 0)
System memory in use before: 116.9 MB.
System memory in use after: 117.1 MB.

Unloading 7 unused Assets to reduce memory usage. Loaded Objects now: 3186.
Total: 6.903100 ms (FindLiveObjects: 1.082200 ms CreateObjectMapping: 0.387100 ms MarkObjects: 5.232400 ms  DeleteObjects: 0.197400 ms)

========================================================================
Received Prepare
Registering precompiled user dll's ...
Registered in 0.004580 seconds.
Begin MonoManager ReloadAssembly
Native extension for WindowsStandalone target not found
Refreshing native plugins compatible for Editor in 1.69 ms, found 0 plugins.
Preloading 0 native plugins for Editor in 0.00 ms.
Invoked RoslynAnalysisRunner static constructor.
RoslynAnalysisRunner will not be running.
RoslynAnalysisRunner has terminated.
Mono: successfully reloaded assembly
- Completed reload, in  3.751 seconds
Platform modules already initialized, skipping
Shader 'Universal Render Pipeline/Particles/Lit': fallback shader 'Universal Render Pipeline/Particles/SimpleLit' not found
Refreshing native plugins compatible for Editor in 1.61 ms, found 0 plugins.
Preloading 0 native plugins for Editor in 0.00 ms.
Unloading 2617 Unused Serialized files (Serialized files now loaded: 0)
System memory in use before: 117.0 MB.
System memory in use after: 117.2 MB.

Unloading 7 unused Assets to reduce memory usage. Loaded Objects now: 3188.
Total: 9.065900 ms (FindLiveObjects: 1.170500 ms CreateObjectMapping: 0.672200 ms MarkObjects: 7.020300 ms  DeleteObjects: 0.199000 ms)

========================================================================
Received Prepare
Registering precompiled user dll's ...
Registered in 0.003762 seconds.
Begin MonoManager ReloadAssembly
Native extension for WindowsStandalone target not found
Refreshing native plugins compatible for Editor in 1.03 ms, found 0 plugins.
Preloading 0 native plugins for Editor in 0.00 ms.
Invoked RoslynAnalysisRunner static constructor.
RoslynAnalysisRunner will not be running.
RoslynAnalysisRunner has terminated.
Mono: successfully reloaded assembly
- Completed reload, in  3.180 seconds
Platform modules already initialized, skipping
Shader 'Universal Render Pipeline/Particles/Lit': fallback shader 'Universal Render Pipeline/Particles/SimpleLit' not found
Refreshing native plugins compatible for Editor in 1.08 ms, found 0 plugins.
Preloading 0 native plugins for Editor in 0.00 ms.
Unloading 2617 Unused Serialized files (Serialized files now loaded: 0)
System memory in use before: 117.0 MB.
System memory in use after: 117.2 MB.

Unloading 7 unused Assets to reduce memory usage. Loaded Objects now: 3190.
Total: 5.979700 ms (FindLiveObjects: 0.668200 ms CreateObjectMapping: 0.237700 ms MarkObjects: 4.910800 ms  DeleteObjects: 0.159000 ms)

========================================================================
Received Prepare
Registering precompiled user dll's ...
Registered in 0.003754 seconds.
Begin MonoManager ReloadAssembly
Native extension for WindowsStandalone target not found
Refreshing native plugins compatible for Editor in 1.02 ms, found 0 plugins.
Preloading 0 native plugins for Editor in 0.00 ms.
Invoked RoslynAnalysisRunner static constructor.
RoslynAnalysisRunner will not be running.
RoslynAnalysisRunner has terminated.
Mono: successfully reloaded assembly
- Completed reload, in  3.286 seconds
Platform modules already initialized, skipping
Shader 'Universal Render Pipeline/Particles/Lit': fallback shader 'Universal Render Pipeline/Particles/SimpleLit' not found
Refreshing native plugins compatible for Editor in 1.90 ms, found 0 plugins.
Preloading 0 native plugins for Editor in 0.00 ms.
Unloading 2617 Unused Serialized files (Serialized files now loaded: 0)
System memory in use before: 117.0 MB.
System memory in use after: 117.2 MB.

Unloading 7 unused Assets to reduce memory usage. Loaded Objects now: 3192.
Total: 6.033700 ms (FindLiveObjects: 0.802700 ms CreateObjectMapping: 0.157700 ms MarkObjects: 4.902200 ms  DeleteObjects: 0.168200 ms)

========================================================================
Received Prepare
Registering precompiled user dll's ...
Registered in 0.003757 seconds.
Begin MonoManager ReloadAssembly
Native extension for WindowsStandalone target not found
Refreshing native plugins compatible for Editor in 2.09 ms, found 0 plugins.
Preloading 0 native plugins for Editor in 0.00 ms.
Invoked RoslynAnalysisRunner static constructor.
RoslynAnalysisRunner will not be running.
RoslynAnalysisRunner has terminated.
Mono: successfully reloaded assembly
- Completed reload, in  3.137 seconds
Platform modules already initialized, skipping
Shader 'Universal Render Pipeline/Particles/Lit': fallback shader 'Universal Render Pipeline/Particles/SimpleLit' not found
Refreshing native plugins compatible for Editor in 1.03 ms, found 0 plugins.
Preloading 0 native plugins for Editor in 0.00 ms.
Unloading 2617 Unused Serialized files (Serialized files now loaded: 0)
System memory in use before: 117.0 MB.
System memory in use after: 117.2 MB.

Unloading 7 unused Assets to reduce memory usage. Loaded Objects now: 3194.
Total: 6.638700 ms (FindLiveObjects: 0.991700 ms CreateObjectMapping: 0.366900 ms MarkObjects: 5.098900 ms  DeleteObjects: 0.177500 ms)

========================================================================
Received Prepare
Registering precompiled user dll's ...
Registered in 0.004656 seconds.
Begin MonoManager ReloadAssembly
Native extension for WindowsStandalone target not found
Refreshing native plugins compatible for Editor in 1.11 ms, found 0 plugins.
Preloading 0 native plugins for Editor in 0.00 ms.
Invoked RoslynAnalysisRunner static constructor.
RoslynAnalysisRunner will not be running.
RoslynAnalysisRunner has terminated.
Mono: successfully reloaded assembly
- Completed reload, in  2.965 seconds
Platform modules already initialized, skipping
Shader 'Universal Render Pipeline/Particles/Lit': fallback shader 'Universal Render Pipeline/Particles/SimpleLit' not found
Refreshing native plugins compatible for Editor in 1.38 ms, found 0 plugins.
Preloading 0 native plugins for Editor in 0.00 ms.
Unloading 2617 Unused Serialized files (Serialized files now loaded: 0)
System memory in use before: 117.0 MB.
System memory in use after: 117.2 MB.

Unloading 7 unused Assets to reduce memory usage. Loaded Objects now: 3196.
Total: 6.703300 ms (FindLiveObjects: 0.807000 ms CreateObjectMapping: 0.243200 ms MarkObjects: 5.482100 ms  DeleteObjects: 0.167600 ms)

========================================================================
Received Prepare
Registering precompiled user dll's ...
Registered in 0.007109 seconds.
Begin MonoManager ReloadAssembly
Native extension for WindowsStandalone target not found
Refreshing native plugins compatible for Editor in 1.44 ms, found 0 plugins.
Preloading 0 native plugins for Editor in 0.00 ms.
Invoked RoslynAnalysisRunner static constructor.
RoslynAnalysisRunner will not be running.
RoslynAnalysisRunner has terminated.
Mono: successfully reloaded assembly
- Completed reload, in  3.253 seconds
Platform modules already initialized, skipping
Shader 'Universal Render Pipeline/Particles/Lit': fallback shader 'Universal Render Pipeline/Particles/SimpleLit' not found
Refreshing native plugins compatible for Editor in 1.61 ms, found 0 plugins.
Preloading 0 native plugins for Editor in 0.00 ms.
Unloading 2617 Unused Serialized files (Serialized files now loaded: 0)
System memory in use before: 117.0 MB.
System memory in use after: 117.2 MB.

Unloading 7 unused Assets to reduce memory usage. Loaded Objects now: 3198.
Total: 7.440900 ms (FindLiveObjects: 0.755900 ms CreateObjectMapping: 0.192800 ms MarkObjects: 6.284600 ms  DeleteObjects: 0.203600 ms)

========================================================================
Received Prepare
Registering precompiled user dll's ...
Registered in 0.003915 seconds.
Begin MonoManager ReloadAssembly
Native extension for WindowsStandalone target not found
Refreshing native plugins compatible for Editor in 1.70 ms, found 0 plugins.
Preloading 0 native plugins for Editor in 0.00 ms.
Invoked RoslynAnalysisRunner static constructor.
RoslynAnalysisRunner will not be running.
RoslynAnalysisRunner has terminated.
Mono: successfully reloaded assembly
- Completed reload, in  3.595 seconds
Platform modules already initialized, skipping
Shader 'Universal Render Pipeline/Particles/Lit': fallback shader 'Universal Render Pipeline/Particles/SimpleLit' not found
Refreshing native plugins compatible for Editor in 1.33 ms, found 0 plugins.
Preloading 0 native plugins for Editor in 0.00 ms.
Unloading 2617 Unused Serialized files (Serialized files now loaded: 0)
System memory in use before: 117.0 MB.
System memory in use after: 117.2 MB.

Unloading 7 unused Assets to reduce memory usage. Loaded Objects now: 3200.
Total: 6.038700 ms (FindLiveObjects: 0.597800 ms CreateObjectMapping: 0.173800 ms MarkObjects: 5.099200 ms  DeleteObjects: 0.164900 ms)

========================================================================
Received Prepare
Registering precompiled user dll's ...
Registered in 0.003788 seconds.
Begin MonoManager ReloadAssembly
Native extension for WindowsStandalone target not found
Refreshing native plugins compatible for Editor in 1.01 ms, found 0 plugins.
Preloading 0 native plugins for Editor in 0.00 ms.
Invoked RoslynAnalysisRunner static constructor.
RoslynAnalysisRunner will not be running.
RoslynAnalysisRunner has terminated.
Mono: successfully reloaded assembly
- Completed reload, in  3.003 seconds
Platform modules already initialized, skipping
Shader 'Universal Render Pipeline/Particles/Lit': fallback shader 'Universal Render Pipeline/Particles/SimpleLit' not found
Refreshing native plugins compatible for Editor in 1.04 ms, found 0 plugins.
Preloading 0 native plugins for Editor in 0.00 ms.
Unloading 2617 Unused Serialized files (Serialized files now loaded: 0)
System memory in use before: 117.0 MB.
System memory in use after: 117.2 MB.

Unloading 7 unused Assets to reduce memory usage. Loaded Objects now: 3202.
Total: 6.315300 ms (FindLiveObjects: 0.662100 ms CreateObjectMapping: 0.174300 ms MarkObjects: 5.286700 ms  DeleteObjects: 0.189300 ms)

========================================================================
Received Prepare
Registering precompiled user dll's ...
Registered in 0.003944 seconds.
Begin MonoManager ReloadAssembly
Native extension for WindowsStandalone target not found
Refreshing native plugins compatible for Editor in 1.05 ms, found 0 plugins.
Preloading 0 native plugins for Editor in 0.00 ms.
Invoked RoslynAnalysisRunner static constructor.
RoslynAnalysisRunner will not be running.
RoslynAnalysisRunner has terminated.
Mono: successfully reloaded assembly
- Completed reload, in  3.144 seconds
Platform modules already initialized, skipping
Shader 'Universal Render Pipeline/Particles/Lit': fallback shader 'Universal Render Pipeline/Particles/SimpleLit' not found
Refreshing native plugins compatible for Editor in 1.33 ms, found 0 plugins.
Preloading 0 native plugins for Editor in 0.00 ms.
Unloading 2617 Unused Serialized files (Serialized files now loaded: 0)
System memory in use before: 117.0 MB.
System memory in use after: 117.2 MB.

Unloading 7 unused Assets to reduce memory usage. Loaded Objects now: 3204.
Total: 5.793800 ms (FindLiveObjects: 0.682100 ms CreateObjectMapping: 0.167100 ms MarkObjects: 4.777500 ms  DeleteObjects: 0.164100 ms)

========================================================================
Received Prepare
Registering precompiled user dll's ...
Registered in 0.003782 seconds.
Begin MonoManager ReloadAssembly
Native extension for WindowsStandalone target not found
Refreshing native plugins compatible for Editor in 2.02 ms, found 0 plugins.
Preloading 0 native plugins for Editor in 0.00 ms.
Invoked RoslynAnalysisRunner static constructor.
RoslynAnalysisRunner will not be running.
RoslynAnalysisRunner has terminated.
Mono: successfully reloaded assembly
- Completed reload, in  3.343 seconds
Platform modules already initialized, skipping
Shader 'Universal Render Pipeline/Particles/Lit': fallback shader 'Universal Render Pipeline/Particles/SimpleLit' not found
Refreshing native plugins compatible for Editor in 1.04 ms, found 0 plugins.
Preloading 0 native plugins for Editor in 0.00 ms.
Unloading 2617 Unused Serialized files (Serialized files now loaded: 0)
System memory in use before: 117.0 MB.
System memory in use after: 117.2 MB.

Unloading 7 unused Assets to reduce memory usage. Loaded Objects now: 3206.
Total: 7.578600 ms (FindLiveObjects: 0.920500 ms CreateObjectMapping: 0.427100 ms MarkObjects: 6.070800 ms  DeleteObjects: 0.157000 ms)

========================================================================
Received Prepare
Registering precompiled user dll's ...
Registered in 0.004365 seconds.
Begin MonoManager ReloadAssembly
Native extension for WindowsStandalone target not found
Refreshing native plugins compatible for Editor in 1.02 ms, found 0 plugins.
Preloading 0 native plugins for Editor in 0.00 ms.
Invoked RoslynAnalysisRunner static constructor.
RoslynAnalysisRunner will not be running.
RoslynAnalysisRunner has terminated.
Mono: successfully reloaded assembly
- Completed reload, in  3.158 seconds
Platform modules already initialized, skipping
Shader 'Universal Render Pipeline/Particles/Lit': fallback shader 'Universal Render Pipeline/Particles/SimpleLit' not found
Refreshing native plugins compatible for Editor in 1.48 ms, found 0 plugins.
Preloading 0 native plugins for Editor in 0.00 ms.
Unloading 2617 Unused Serialized files (Serialized files now loaded: 0)
System memory in use before: 117.0 MB.
System memory in use after: 117.2 MB.

Unloading 7 unused Assets to reduce memory usage. Loaded Objects now: 3208.
Total: 7.555900 ms (FindLiveObjects: 0.901000 ms CreateObjectMapping: 0.455200 ms MarkObjects: 5.999600 ms  DeleteObjects: 0.195900 ms)

========================================================================
Received Prepare
Registering precompiled user dll's ...
Registered in 0.004480 seconds.
Begin MonoManager ReloadAssembly
Native extension for WindowsStandalone target not found
Refreshing native plugins compatible for Editor in 1.57 ms, found 0 plugins.
Preloading 0 native plugins for Editor in 0.00 ms.
Invoked RoslynAnalysisRunner static constructor.
RoslynAnalysisRunner will not be running.
RoslynAnalysisRunner has terminated.
Mono: successfully reloaded assembly
- Completed reload, in  3.202 seconds
Platform modules already initialized, skipping
Shader 'Universal Render Pipeline/Particles/Lit': fallback shader 'Universal Render Pipeline/Particles/SimpleLit' not found
Refreshing native plugins compatible for Editor in 1.07 ms, found 0 plugins.
Preloading 0 native plugins for Editor in 0.00 ms.
Unloading 2617 Unused Serialized files (Serialized files now loaded: 0)
System memory in use before: 117.0 MB.
System memory in use after: 117.2 MB.

Unloading 7 unused Assets to reduce memory usage. Loaded Objects now: 3210.
Total: 6.493600 ms (FindLiveObjects: 0.665400 ms CreateObjectMapping: 0.164300 ms MarkObjects: 5.451400 ms  DeleteObjects: 0.208700 ms)

========================================================================
Received Prepare
Registering precompiled user dll's ...
Registered in 0.004072 seconds.
Begin MonoManager ReloadAssembly
Native extension for WindowsStandalone target not found
Refreshing native plugins compatible for Editor in 1.03 ms, found 0 plugins.
Preloading 0 native plugins for Editor in 0.00 ms.
Invoked RoslynAnalysisRunner static constructor.
RoslynAnalysisRunner will not be running.
RoslynAnalysisRunner has terminated.
Mono: successfully reloaded assembly
- Completed reload, in  2.928 seconds
Platform modules already initialized, skipping
Shader 'Universal Render Pipeline/Particles/Lit': fallback shader 'Universal Render Pipeline/Particles/SimpleLit' not found
Refreshing native plugins compatible for Editor in 1.41 ms, found 0 plugins.
Preloading 0 native plugins for Editor in 0.00 ms.
Unloading 2617 Unused Serialized files (Serialized files now loaded: 0)
System memory in use before: 117.0 MB.
System memory in use after: 117.2 MB.

Unloading 7 unused Assets to reduce memory usage. Loaded Objects now: 3212.
Total: 5.788200 ms (FindLiveObjects: 0.619300 ms CreateObjectMapping: 0.161900 ms MarkObjects: 4.838400 ms  DeleteObjects: 0.165700 ms)

========================================================================
Received Prepare
Registering precompiled user dll's ...
Registered in 0.004329 seconds.
Begin MonoManager ReloadAssembly
Native extension for WindowsStandalone target not found
Refreshing native plugins compatible for Editor in 1.05 ms, found 0 plugins.
Preloading 0 native plugins for Editor in 0.00 ms.
Invoked RoslynAnalysisRunner static constructor.
RoslynAnalysisRunner will not be running.
RoslynAnalysisRunner has terminated.
Mono: successfully reloaded assembly
- Completed reload, in  3.362 seconds
Platform modules already initialized, skipping
Shader 'Universal Render Pipeline/Particles/Lit': fallback shader 'Universal Render Pipeline/Particles/SimpleLit' not found
Refreshing native plugins compatible for Editor in 1.10 ms, found 0 plugins.
Preloading 0 native plugins for Editor in 0.00 ms.
Unloading 2617 Unused Serialized files (Serialized files now loaded: 0)
System memory in use before: 117.0 MB.
System memory in use after: 117.2 MB.

Unloading 7 unused Assets to reduce memory usage. Loaded Objects now: 3214.
Total: 7.675400 ms (FindLiveObjects: 0.843000 ms CreateObjectMapping: 0.357600 ms MarkObjects: 6.288900 ms  DeleteObjects: 0.182400 ms)

========================================================================
Received Import Request.
  Time since last request: 2563.577997 seconds.
  path: Assets/Scripts/PlayerController.cs
  artifactKey: Guid(be3c03f5f5aa8bd4d9210bcecf1530e9) Importer(815301076,1909f56bfc062723c751e8b465ee728b)
Start importing Assets/Scripts/PlayerController.cs using Guid(be3c03f5f5aa8bd4d9210bcecf1530e9) Importer(815301076,1909f56bfc062723c751e8b465ee728b)  -> (artifact id: 'd7d32bcb6312903a8364307143b79b79') in 0.021773 seconds
  Import took 0.102679 seconds .

========================================================================
Received Prepare
Registering precompiled user dll's ...
Registered in 0.003997 seconds.
Begin MonoManager ReloadAssembly
Native extension for WindowsStandalone target not found
Refreshing native plugins compatible for Editor in 1.71 ms, found 0 plugins.
Preloading 0 native plugins for Editor in 0.00 ms.
Invoked RoslynAnalysisRunner static constructor.
RoslynAnalysisRunner will not be running.
RoslynAnalysisRunner has terminated.
Mono: successfully reloaded assembly
- Completed reload, in  2.893 seconds
Platform modules already initialized, skipping
Shader 'Universal Render Pipeline/Particles/Lit': fallback shader 'Universal Render Pipeline/Particles/SimpleLit' not found
Refreshing native plugins compatible for Editor in 1.04 ms, found 0 plugins.
Preloading 0 native plugins for Editor in 0.00 ms.
Unloading 2616 Unused Serialized files (Serialized files now loaded: 0)
System memory in use before: 117.0 MB.
System memory in use after: 117.2 MB.

Unloading 8 unused Assets to reduce memory usage. Loaded Objects now: 3215.
Total: 6.198700 ms (FindLiveObjects: 0.866900 ms CreateObjectMapping: 0.222700 ms MarkObjects: 4.920600 ms  DeleteObjects: 0.185100 ms)

========================================================================
Received Import Request.
  Time since last request: 96.700238 seconds.
  path: Assets/Scenes/Menu 3D.unity
  artifactKey: Guid(fa0913115ac1d4fba8b9d10280f4b04d) Importer(815301076,1909f56bfc062723c751e8b465ee728b)
Start importing Assets/Scenes/Menu 3D.unity using Guid(fa0913115ac1d4fba8b9d10280f4b04d) Importer(815301076,1909f56bfc062723c751e8b465ee728b)  -> (artifact id: '620eba96264a2114d45f751645bc4067') in 0.140330 seconds
  Import took 0.175340 seconds .

========================================================================
Received Prepare
Registering precompiled user dll's ...
Registered in 0.004197 seconds.
Begin MonoManager ReloadAssembly
Native extension for WindowsStandalone target not found
Refreshing native plugins compatible for Editor in 1.03 ms, found 0 plugins.
Preloading 0 native plugins for Editor in 0.00 ms.
Invoked RoslynAnalysisRunner static constructor.
RoslynAnalysisRunner will not be running.
RoslynAnalysisRunner has terminated.
Mono: successfully reloaded assembly
- Completed reload, in  3.074 seconds
Platform modules already initialized, skipping
Shader 'Universal Render Pipeline/Particles/Lit': fallback shader 'Universal Render Pipeline/Particles/SimpleLit' not found
Refreshing native plugins compatible for Editor in 1.23 ms, found 0 plugins.
Preloading 0 native plugins for Editor in 0.00 ms.
Unloading 2620 Unused Serialized files (Serialized files now loaded: 0)
System memory in use before: 117.1 MB.
System memory in use after: 117.3 MB.

Unloading 7 unused Assets to reduce memory usage. Loaded Objects now: 3221.
Total: 9.276000 ms (FindLiveObjects: 1.059400 ms CreateObjectMapping: 0.580000 ms MarkObjects: 7.429500 ms  DeleteObjects: 0.203300 ms)

========================================================================
Received Import Request.
  Time since last request: 385.404761 seconds.
  path: Assets/GamePlay
  artifactKey: Guid(843b4a8c1e7557e4481c10acc38ab503) Importer(815301076,1909f56bfc062723c751e8b465ee728b)
Start importing Assets/GamePlay using Guid(843b4a8c1e7557e4481c10acc38ab503) Importer(815301076,1909f56bfc062723c751e8b465ee728b)  -> (artifact id: 'd7b378c904e929b9dd1b572db29e114b') in 0.019517 seconds
  Import took 0.032362 seconds .

========================================================================
Received Import Request.
  Time since last request: 3.710814 seconds.
  path: Assets/GamePlay/Scenes
  artifactKey: Guid(79f242f68ed0e48418b4c3815f77242e) Importer(815301076,1909f56bfc062723c751e8b465ee728b)
Start importing Assets/GamePlay/Scenes using Guid(79f242f68ed0e48418b4c3815f77242e) Importer(815301076,1909f56bfc062723c751e8b465ee728b)  -> (artifact id: '9c3248cbbdb2b0735bc96417c6385b13') in 0.032760 seconds
  Import took 0.081101 seconds .

========================================================================
Received Import Request.
  Time since last request: 4.842290 seconds.
  path: Assets/GamePlay/Scenes/Prototype 4.unity
  artifactKey: Guid(a4b96ad7a65484fd4a83cb97540eee50) Importer(815301076,1909f56bfc062723c751e8b465ee728b)
Start importing Assets/GamePlay/Scenes/Prototype 4.unity using Guid(a4b96ad7a65484fd4a83cb97540eee50) Importer(815301076,1909f56bfc062723c751e8b465ee728b)  -> (artifact id: '5eb7495d0787f295a5932b991ae07024') in 0.048500 seconds
  Import took 0.064810 seconds .

========================================================================
Received Import Request.
  Time since last request: 0.042040 seconds.
  path: Assets/GamePlay/Scenes/Prototype 4.unity
  artifactKey: Guid(a4b96ad7a65484fd4a83cb97540eee50) Importer(815301076,1909f56bfc062723c751e8b465ee728b)
Start importing Assets/GamePlay/Scenes/Prototype 4.unity using Guid(a4b96ad7a65484fd4a83cb97540eee50) Importer(815301076,1909f56bfc062723c751e8b465ee728b)  -> (artifact id: '5eb7495d0787f295a5932b991ae07024') in 0.011541 seconds
  Import took 0.027703 seconds .

========================================================================
Received Import Request.
  Time since last request: 244.522584 seconds.
  path: Assets/GamePlay/Course Library/Pickups/RadiationIcon.prefab
  artifactKey: Guid(6f3d65a695e7abd46bde807842983d4a) Importer(815301076,1909f56bfc062723c751e8b465ee728b)
Start importing Assets/GamePlay/Course Library/Pickups/RadiationIcon.prefab using Guid(6f3d65a695e7abd46bde807842983d4a) Importer(815301076,1909f56bfc062723c751e8b465ee728b)  -> (artifact id: '5645de0c2962e1d3fbd6a0920d5fdaf9') in 0.242995 seconds
  Import took 0.289073 seconds .

========================================================================
Received Import Request.
  Time since last request: 0.000840 seconds.
  path: Assets/GamePlay/Course Library/Pickups/RepairIcon.prefab
  artifactKey: Guid(510349479745aac4b9209e9326e42601) Importer(815301076,1909f56bfc062723c751e8b465ee728b)
Start importing Assets/GamePlay/Course Library/Pickups/RepairIcon.prefab using Guid(510349479745aac4b9209e9326e42601) Importer(815301076,1909f56bfc062723c751e8b465ee728b)  -> (artifact id: '91f2703418de13331f30f705b89c3971') in 0.031181 seconds
  Import took 0.041319 seconds .

========================================================================
Received Import Request.
  Time since last request: 0.655891 seconds.
  path: Assets/GamePlay/Course Library/Materials/PolygonPrototype_Texture_Grid_08.mat
  artifactKey: Guid(995d3c7217683de4cbf24dbf480f9e13) Importer(815301076,1909f56bfc062723c751e8b465ee728b)
Start importing Assets/GamePlay/Course Library/Materials/PolygonPrototype_Texture_Grid_08.mat using Guid(995d3c7217683de4cbf24dbf480f9e13) Importer(815301076,1909f56bfc062723c751e8b465ee728b)  -> (artifact id: '18c5401ba51aff0e02ab1086aac55bac') in 0.097230 seconds
  Import took 0.109383 seconds .

========================================================================
Received Import Request.
  Time since last request: 0.000632 seconds.
  path: Assets/GamePlay/Course Library/Pickups/Potion_01.prefab
  artifactKey: Guid(2f3e352268bf84b45acf0d56b0b89518) Importer(815301076,1909f56bfc062723c751e8b465ee728b)
Start importing Assets/GamePlay/Course Library/Pickups/Potion_01.prefab using Guid(2f3e352268bf84b45acf0d56b0b89518) Importer(815301076,1909f56bfc062723c751e8b465ee728b)  -> (artifact id: 'f5c266d42b975ff2b71c57a43e819f54') in 0.048440 seconds
  Import took 0.079821 seconds .

========================================================================
Received Import Request.
  Time since last request: 0.000770 seconds.
  path: Assets/GamePlay/Prefabs/PowerUp/PowerIcon.prefab
  artifactKey: Guid(ec7dd79530a59f94284a5f4ee26e5219) Importer(815301076,1909f56bfc062723c751e8b465ee728b)
Start importing Assets/GamePlay/Prefabs/PowerUp/PowerIcon.prefab using Guid(ec7dd79530a59f94284a5f4ee26e5219) Importer(815301076,1909f56bfc062723c751e8b465ee728b)  -> (artifact id: 'a3d672d0cb4547f82312bf733cac2156') in 0.029284 seconds
  Import took 0.050457 seconds .

========================================================================
Received Import Request.
  Time since last request: 0.000708 seconds.
  path: Assets/GamePlay/Course Library/Textures/PolygonPrototype_Texture_Grid_08.png
  artifactKey: Guid(1d12fa396a3563b41b9ae11b0fb0b986) Importer(815301076,1909f56bfc062723c751e8b465ee728b)
Start importing Assets/GamePlay/Course Library/Textures/PolygonPrototype_Texture_Grid_08.png using Guid(1d12fa396a3563b41b9ae11b0fb0b986) Importer(815301076,1909f56bfc062723c751e8b465ee728b)  -> (artifact id: '0150957cedac49e13e1b01b202cd5cac') in 0.330772 seconds
  Import took 0.341395 seconds .

========================================================================
Received Import Request.
  Time since last request: 0.000772 seconds.
  path: Assets/GamePlay/Course Library/Textures/PolygonPrototype_Texture_Grid_01.png
  artifactKey: Guid(2a09470ada0c47849ad79d26363f8e4a) Importer(815301076,1909f56bfc062723c751e8b465ee728b)
Start importing Assets/GamePlay/Course Library/Textures/PolygonPrototype_Texture_Grid_01.png using Guid(2a09470ada0c47849ad79d26363f8e4a) Importer(815301076,1909f56bfc062723c751e8b465ee728b)  -> (artifact id: '55cb15bad5b00b2cdf97f8781038e36b') in 0.024957 seconds
  Import took 0.064349 seconds .

========================================================================
Received Import Request.
  Time since last request: 0.000662 seconds.
  path: Assets/GamePlay/Course Library/_Source_Files/Materials/PolygonMinis_Fantasy_01.mat
  artifactKey: Guid(a16b7b85a356b7d469067849a165dcff) Importer(815301076,1909f56bfc062723c751e8b465ee728b)
Start importing Assets/GamePlay/Course Library/_Source_Files/Materials/PolygonMinis_Fantasy_01.mat using Guid(a16b7b85a356b7d469067849a165dcff) Importer(815301076,1909f56bfc062723c751e8b465ee728b)  -> (artifact id: '62686b36793b040b4403f1c553fce4c4') in 0.031267 seconds
  Import took 0.042167 seconds .

========================================================================
Received Import Request.
  Time since last request: 0.000680 seconds.
  path: Assets/GamePlay/Course Library/_Source_Files/Materials/PolygonPrototype_Texture_01.mat
  artifactKey: Guid(41680dad0f0243748b4e228f49a2e3c4) Importer(815301076,1909f56bfc062723c751e8b465ee728b)
Start importing Assets/GamePlay/Course Library/_Source_Files/Materials/PolygonPrototype_Texture_01.mat using Guid(41680dad0f0243748b4e228f49a2e3c4) Importer(815301076,1909f56bfc062723c751e8b465ee728b)  -> (artifact id: '828c14bf778524e310a177bee177741e') in 0.034617 seconds
  Import took 0.045993 seconds .

========================================================================
Received Import Request.
  Time since last request: 0.000620 seconds.
  path: Assets/GamePlay/Course Library/Textures/PolygonPrototype_Texture_Grid_02.png
  artifactKey: Guid(6b38ffdcc39b96042a822bb3f490eefd) Importer(815301076,1909f56bfc062723c751e8b465ee728b)
Start importing Assets/GamePlay/Course Library/Textures/PolygonPrototype_Texture_Grid_02.png using Guid(6b38ffdcc39b96042a822bb3f490eefd) Importer(815301076,1909f56bfc062723c751e8b465ee728b)  -> (artifact id: 'c3a80f1e87fbe85a4f198b564c286e4c') in 0.022944 seconds
  Import took 0.087412 seconds .

========================================================================
Received Import Request.
  Time since last request: 0.000619 seconds.
  path: Assets/GamePlay/Course Library/Textures/PolygonPrototype_Texture_Grid_06.png
  artifactKey: Guid(bbc54c0e722a346408cd09eef6dc0cd6) Importer(815301076,1909f56bfc062723c751e8b465ee728b)
Start importing Assets/GamePlay/Course Library/Textures/PolygonPrototype_Texture_Grid_06.png using Guid(bbc54c0e722a346408cd09eef6dc0cd6) Importer(815301076,1909f56bfc062723c751e8b465ee728b)  -> (artifact id: '9c479297990d78b6e13b8a5781e23d37') in 0.022596 seconds
  Import took 0.032801 seconds .

========================================================================
Received Import Request.
  Time since last request: 0.000646 seconds.
  path: Assets/GamePlay/Course Library/Materials/PolygonPrototype_Texture_Grid_01.mat
  artifactKey: Guid(8da84f650d3e37b48a5b26d35285f8bf) Importer(815301076,1909f56bfc062723c751e8b465ee728b)
Start importing Assets/GamePlay/Course Library/Materials/PolygonPrototype_Texture_Grid_01.mat using Guid(8da84f650d3e37b48a5b26d35285f8bf) Importer(815301076,1909f56bfc062723c751e8b465ee728b)  -> (artifact id: '517ced00cdd68e4a7ab23071b5a15f04') in 0.028195 seconds
  Import took 0.054740 seconds .

========================================================================
Received Import Request.
  Time since last request: 0.000637 seconds.
  path: Assets/GamePlay/Course Library/Pickups/PowerIcon.prefab
  artifactKey: Guid(0782c4fdae5f1624ba26300a1dc7a0a7) Importer(815301076,1909f56bfc062723c751e8b465ee728b)
Start importing Assets/GamePlay/Course Library/Pickups/PowerIcon.prefab using Guid(0782c4fdae5f1624ba26300a1dc7a0a7) Importer(815301076,1909f56bfc062723c751e8b465ee728b)  -> (artifact id: 'c997cd16e3e58d30e9cffdf007552a83') in 0.027243 seconds
  Import took 0.037928 seconds .

========================================================================
Received Import Request.
  Time since last request: 0.000687 seconds.
  path: Assets/GamePlay/Course Library/Materials/PolygonPrototype_Texture_Grid_06.mat
  artifactKey: Guid(ca8fe95f569cf79479836ca58ab3bd64) Importer(815301076,1909f56bfc062723c751e8b465ee728b)
Start importing Assets/GamePlay/Course Library/Materials/PolygonPrototype_Texture_Grid_06.mat using Guid(ca8fe95f569cf79479836ca58ab3bd64) Importer(815301076,1909f56bfc062723c751e8b465ee728b)  -> (artifact id: 'afbb0941a0e7d26f7a741092b091adf0') in 0.028746 seconds
  Import took 0.039687 seconds .

========================================================================
Received Import Request.
  Time since last request: 0.000570 seconds.
  path: Assets/GamePlay/Course Library/Materials/PolygonPrototype_Texture_Grid_Glass_01.mat
  artifactKey: Guid(d8439d3c56fdb424fa2ba16e140cf185) Importer(815301076,1909f56bfc062723c751e8b465ee728b)
Start importing Assets/GamePlay/Course Library/Materials/PolygonPrototype_Texture_Grid_Glass_01.mat using Guid(d8439d3c56fdb424fa2ba16e140cf185) Importer(815301076,1909f56bfc062723c751e8b465ee728b)  -> (artifact id: 'e1e1dddacb2e69c8357e3e4d5bc9b48b') in 0.027245 seconds
  Import took 0.043092 seconds .

========================================================================
Received Import Request.
  Time since last request: 0.000555 seconds.
  path: Assets/GamePlay/Course Library/_Source_Files/Textures/PolygonPrototype_Texture_01.png
  artifactKey: Guid(86cb957541c7c8542a6306ffb82e6833) Importer(815301076,1909f56bfc062723c751e8b465ee728b)
Start importing Assets/GamePlay/Course Library/_Source_Files/Textures/PolygonPrototype_Texture_01.png using Guid(86cb957541c7c8542a6306ffb82e6833) Importer(815301076,1909f56bfc062723c751e8b465ee728b)  -> (artifact id: 'b5b8128dd40fe4b6fdd4337f6c7f7c01') in 0.027373 seconds
  Import took 0.047850 seconds .

========================================================================
Received Import Request.
  Time since last request: 0.000669 seconds.
  path: Assets/GamePlay/Course Library/Textures/PolygonPrototype_Texture_Grid_07.png
  artifactKey: Guid(7789f4efbb0f45c4780925243375a18e) Importer(815301076,1909f56bfc062723c751e8b465ee728b)
Start importing Assets/GamePlay/Course Library/Textures/PolygonPrototype_Texture_Grid_07.png using Guid(7789f4efbb0f45c4780925243375a18e) Importer(815301076,1909f56bfc062723c751e8b465ee728b)  -> (artifact id: 'eb615b112ff58f07f46f0d79ee417305') in 0.021349 seconds
  Import took 0.031409 seconds .

========================================================================
Received Import Request.
  Time since last request: 0.000584 seconds.
  path: Assets/GamePlay/Course Library/_Source_Files/Textures/PolygonMinis_Texture_01.png
  artifactKey: Guid(65bf252a1d0243b40a63ee08ad703289) Importer(815301076,1909f56bfc062723c751e8b465ee728b)
Start importing Assets/GamePlay/Course Library/_Source_Files/Textures/PolygonMinis_Texture_01.png using Guid(65bf252a1d0243b40a63ee08ad703289) Importer(815301076,1909f56bfc062723c751e8b465ee728b)  -> (artifact id: '94e35e9ffd756e3784965a2511beee20') in 0.020654 seconds
  Import took 0.030679 seconds .

========================================================================
Received Import Request.
  Time since last request: 0.000594 seconds.
  path: Assets/GamePlay/Course Library/Materials/PolygonPrototype_Texture_Grid_02.mat
  artifactKey: Guid(c493b59cb99b56a44849be7c425300e8) Importer(815301076,1909f56bfc062723c751e8b465ee728b)
Start importing Assets/GamePlay/Course Library/Materials/PolygonPrototype_Texture_Grid_02.mat using Guid(c493b59cb99b56a44849be7c425300e8) Importer(815301076,1909f56bfc062723c751e8b465ee728b)  -> (artifact id: '5c3866003ab91357b83bb1c688d69dc2') in 0.024856 seconds
  Import took 0.108786 seconds .

========================================================================
Received Import Request.
  Time since last request: 0.000662 seconds.
  path: Assets/GamePlay/Course Library/Textures/PolygonPrototype_Texture_Grid_03.png
  artifactKey: Guid(86507321c175292409cc422c5e33d711) Importer(815301076,1909f56bfc062723c751e8b465ee728b)
Start importing Assets/GamePlay/Course Library/Textures/PolygonPrototype_Texture_Grid_03.png using Guid(86507321c175292409cc422c5e33d711) Importer(815301076,1909f56bfc062723c751e8b465ee728b)  -> (artifact id: '9d4f7dd80f036740051349396a23d44e') in 0.020685 seconds
  Import took 0.049899 seconds .

========================================================================
Received Import Request.
  Time since last request: 0.000621 seconds.
  path: Assets/GamePlay/Course Library/_Source_Files/Textures/PolygonMinis_Texture_01_Purple.png
  artifactKey: Guid(9b654102de6ae3749a41941671a2cbe7) Importer(815301076,1909f56bfc062723c751e8b465ee728b)
Start importing Assets/GamePlay/Course Library/_Source_Files/Textures/PolygonMinis_Texture_01_Purple.png using Guid(9b654102de6ae3749a41941671a2cbe7) Importer(815301076,1909f56bfc062723c751e8b465ee728b)  -> (artifact id: 'd6cd91a060198b8c1cbd1cac05f0aa7f') in 0.021297 seconds
  Import took 0.031213 seconds .

========================================================================
Received Import Request.
  Time since last request: 0.000648 seconds.
  path: Assets/GamePlay/Course Library/Materials/PolygonPrototype_Texture_Grid_05.mat
  artifactKey: Guid(5b7b60e7315739b4e8f7f7b46e3d8fbc) Importer(815301076,1909f56bfc062723c751e8b465ee728b)
Start importing Assets/GamePlay/Course Library/Materials/PolygonPrototype_Texture_Grid_05.mat using Guid(5b7b60e7315739b4e8f7f7b46e3d8fbc) Importer(815301076,1909f56bfc062723c751e8b465ee728b)  -> (artifact id: '6c4c4cefabef9ee5953cd53d510fc188') in 0.026106 seconds
  Import took 0.037270 seconds .

========================================================================
Received Import Request.
  Time since last request: 0.000661 seconds.
  path: Assets/GamePlay/Course Library/Textures/PolygonPrototype_Texture_Grid_04.png
  artifactKey: Guid(c7c5239ae4b2ace4d8774918a50a940a) Importer(815301076,1909f56bfc062723c751e8b465ee728b)
Start importing Assets/GamePlay/Course Library/Textures/PolygonPrototype_Texture_Grid_04.png using Guid(c7c5239ae4b2ace4d8774918a50a940a) Importer(815301076,1909f56bfc062723c751e8b465ee728b)  -> (artifact id: '90a4eb3d292b325356c2d0ac267ad62f') in 0.020994 seconds
  Import took 0.038497 seconds .

========================================================================
Received Import Request.
  Time since last request: 0.000683 seconds.
  path: Assets/GamePlay/Course Library/Textures/PolygonPrototype_Texture_Grid_05.png
  artifactKey: Guid(8634f8cf5ba74134c972fb2d36355077) Importer(815301076,1909f56bfc062723c751e8b465ee728b)
Start importing Assets/GamePlay/Course Library/Textures/PolygonPrototype_Texture_Grid_05.png using Guid(8634f8cf5ba74134c972fb2d36355077) Importer(815301076,1909f56bfc062723c751e8b465ee728b)  -> (artifact id: 'ebec61ca16cb73960849425363ece458') in 0.020257 seconds
  Import took 0.030444 seconds .

========================================================================
Received Import Request.
  Time since last request: 0.000681 seconds.
  path: Assets/GamePlay/Course Library/Textures/PolygonPrototype_Texture_Grid_Glass_01.png
  artifactKey: Guid(1432e62c10501d147a873c128326f711) Importer(815301076,1909f56bfc062723c751e8b465ee728b)
Start importing Assets/GamePlay/Course Library/Textures/PolygonPrototype_Texture_Grid_Glass_01.png using Guid(1432e62c10501d147a873c128326f711) Importer(815301076,1909f56bfc062723c751e8b465ee728b)  -> (artifact id: '9547dc9a63563f3fe2fb354bc5f2af83') in 0.020847 seconds
  Import took 0.031013 seconds .

========================================================================
Received Import Request.
  Time since last request: 0.000639 seconds.
  path: Assets/GamePlay/Course Library/Materials/PolygonPrototype_Texture_Grid_07.mat
  artifactKey: Guid(02073b2dabbd04b48b87af15ff238844) Importer(815301076,1909f56bfc062723c751e8b465ee728b)
Start importing Assets/GamePlay/Course Library/Materials/PolygonPrototype_Texture_Grid_07.mat using Guid(02073b2dabbd04b48b87af15ff238844) Importer(815301076,1909f56bfc062723c751e8b465ee728b)  -> (artifact id: '4c63866c8f856eba3cdc0f5e76b36ef4') in 0.027324 seconds
  Import took 0.037830 seconds .

========================================================================
Received Import Request.
  Time since last request: 2.138262 seconds.
  path: Assets/URP/Movil_Renderer.asset
  artifactKey: Guid(3ba172ddbc774ea44b6daf7037d4cc89) Importer(815301076,1909f56bfc062723c751e8b465ee728b)
Start importing Assets/URP/Movil_Renderer.asset using Guid(3ba172ddbc774ea44b6daf7037d4cc89) Importer(815301076,1909f56bfc062723c751e8b465ee728b)  -> (artifact id: '60a143be5f25accaba5e8851fbd524fd') in 0.084271 seconds
  Import took 0.133604 seconds .

========================================================================
Received Import Request.
  Time since last request: 0.000641 seconds.
  path: Assets/GamePlay/Course Library/Pickups/MultiplierIcon.prefab
  artifactKey: Guid(ceb1bef3d4abc9344b89436369737113) Importer(815301076,1909f56bfc062723c751e8b465ee728b)
Start importing Assets/GamePlay/Course Library/Pickups/MultiplierIcon.prefab using Guid(ceb1bef3d4abc9344b89436369737113) Importer(815301076,1909f56bfc062723c751e8b465ee728b)  -> (artifact id: '8398fa976a177ae44f01308ef0fa61ac') in 0.029277 seconds
  Import took 0.073066 seconds .

========================================================================
Received Import Request.
  Time since last request: 0.000631 seconds.
  path: Assets/UI/Fonts/Jupiter/Jupiter.ttf
  artifactKey: Guid(7cb2912222469634ba17a77055919ea8) Importer(815301076,1909f56bfc062723c751e8b465ee728b)
Start importing Assets/UI/Fonts/Jupiter/Jupiter.ttf using Guid(7cb2912222469634ba17a77055919ea8) Importer(815301076,1909f56bfc062723c751e8b465ee728b)  -> (artifact id: 'dd6956a30730b0702367e54b5222a7d4') in 0.269630 seconds
  Import took 0.281595 seconds .

========================================================================
Received Import Request.
  Time since last request: 0.000631 seconds.
  path: Assets/GamePlay/Materials/BounceMaterials.physicMaterial
  artifactKey: Guid(f91770f335133614982072ed89c59c93) Importer(815301076,1909f56bfc062723c751e8b465ee728b)
Start importing Assets/GamePlay/Materials/BounceMaterials.physicMaterial using Guid(f91770f335133614982072ed89c59c93) Importer(815301076,1909f56bfc062723c751e8b465ee728b)  -> (artifact id: 'eb4bd5f9f982981df4e2fe3ce95cbc28') in 0.017372 seconds
  Import took 0.043234 seconds .

========================================================================
Received Import Request.
  Time since last request: 0.000657 seconds.
  path: Assets/GamePlay/Course Library/Powerup Indicators/Balloon_01.prefab
  artifactKey: Guid(5e5b016a0cd771740aae0b664476d77d) Importer(815301076,1909f56bfc062723c751e8b465ee728b)
Start importing Assets/GamePlay/Course Library/Powerup Indicators/Balloon_01.prefab using Guid(5e5b016a0cd771740aae0b664476d77d) Importer(815301076,1909f56bfc062723c751e8b465ee728b)  -> (artifact id: 'dc85fe6c60f1c82ee8b91b6aebfda11d') in 0.032034 seconds
  Import took 0.065915 seconds .

========================================================================
Received Import Request.
  Time since last request: 7.725485 seconds.
  path: Assets/GamePlay/Scripts
  artifactKey: Guid(68b82a6ab523d3449ade0e3005b57dd2) Importer(815301076,1909f56bfc062723c751e8b465ee728b)
Start importing Assets/GamePlay/Scripts using Guid(68b82a6ab523d3449ade0e3005b57dd2) Importer(815301076,1909f56bfc062723c751e8b465ee728b)  -> (artifact id: 'ec759cf2b6f54b92bc225993712eaf37') in 0.010865 seconds
  Import took 0.024849 seconds .

========================================================================
Received Import Request.
  Time since last request: 0.002948 seconds.
  path: Assets/GamePlay/Scripts
  artifactKey: Guid(68b82a6ab523d3449ade0e3005b57dd2) Importer(815301076,1909f56bfc062723c751e8b465ee728b)
Start importing Assets/GamePlay/Scripts using Guid(68b82a6ab523d3449ade0e3005b57dd2) Importer(815301076,1909f56bfc062723c751e8b465ee728b)  -> (artifact id: 'ec759cf2b6f54b92bc225993712eaf37') in 0.008547 seconds
  Import took 0.021931 seconds .

========================================================================
Received Prepare
Registering precompiled user dll's ...
Registered in 0.003832 seconds.
Begin MonoManager ReloadAssembly
Native extension for WindowsStandalone target not found
Refreshing native plugins compatible for Editor in 1.72 ms, found 0 plugins.
Preloading 0 native plugins for Editor in 0.00 ms.
Invoked RoslynAnalysisRunner static constructor.
RoslynAnalysisRunner will not be running.
RoslynAnalysisRunner has terminated.
Mono: successfully reloaded assembly
- Completed reload, in  3.169 seconds
Platform modules already initialized, skipping
Shader 'Universal Render Pipeline/Particles/Lit': fallback shader 'Universal Render Pipeline/Particles/SimpleLit' not found
Refreshing native plugins compatible for Editor in 1.05 ms, found 0 plugins.
Preloading 0 native plugins for Editor in 0.00 ms.
Unloading 2621 Unused Serialized files (Serialized files now loaded: 0)
System memory in use before: 120.6 MB.
System memory in use after: 120.8 MB.

Unloading 7 unused Assets to reduce memory usage. Loaded Objects now: 3270.
Total: 8.574000 ms (FindLiveObjects: 0.621300 ms CreateObjectMapping: 0.217500 ms MarkObjects: 7.542200 ms  DeleteObjects: 0.189900 ms)

========================================================================
Received Import Request.
  Time since last request: 20.643929 seconds.
  path: Assets/GamePlay/Scripts/OpenScene.cs
  artifactKey: Guid(0d88c58a423565b4b99bfc0e41932bf0) Importer(815301076,1909f56bfc062723c751e8b465ee728b)
Start importing Assets/GamePlay/Scripts/OpenScene.cs using Guid(0d88c58a423565b4b99bfc0e41932bf0) Importer(815301076,1909f56bfc062723c751e8b465ee728b)  -> (artifact id: '02e17c01e5f535da2b6974bae424e879') in 0.017142 seconds
  Import took 0.029087 seconds .

========================================================================
Received Prepare
Registering precompiled user dll's ...
Registered in 0.003973 seconds.
Begin MonoManager ReloadAssembly
Native extension for WindowsStandalone target not found
Refreshing native plugins compatible for Editor in 1.07 ms, found 0 plugins.
Preloading 0 native plugins for Editor in 0.00 ms.
Invoked RoslynAnalysisRunner static constructor.
RoslynAnalysisRunner will not be running.
RoslynAnalysisRunner has terminated.
Mono: successfully reloaded assembly
- Completed reload, in  3.137 seconds
Platform modules already initialized, skipping
Shader 'Universal Render Pipeline/Particles/Lit': fallback shader 'Universal Render Pipeline/Particles/SimpleLit' not found
Refreshing native plugins compatible for Editor in 1.19 ms, found 0 plugins.
Preloading 0 native plugins for Editor in 0.00 ms.
Unloading 2621 Unused Serialized files (Serialized files now loaded: 0)
System memory in use before: 120.6 MB.
System memory in use after: 120.8 MB.

Unloading 7 unused Assets to reduce memory usage. Loaded Objects now: 3272.
Total: 7.263400 ms (FindLiveObjects: 0.851800 ms CreateObjectMapping: 0.249400 ms MarkObjects: 5.985200 ms  DeleteObjects: 0.173800 ms)

========================================================================
Received Prepare
Registering precompiled user dll's ...
Registered in 0.003795 seconds.
Begin MonoManager ReloadAssembly
Native extension for WindowsStandalone target not found
Refreshing native plugins compatible for Editor in 1.03 ms, found 0 plugins.
Preloading 0 native plugins for Editor in 0.00 ms.
Invoked RoslynAnalysisRunner static constructor.
RoslynAnalysisRunner will not be running.
RoslynAnalysisRunner has terminated.
Mono: successfully reloaded assembly
- Completed reload, in  3.075 seconds
Platform modules already initialized, skipping
Shader 'Universal Render Pipeline/Particles/Lit': fallback shader 'Universal Render Pipeline/Particles/SimpleLit' not found
Refreshing native plugins compatible for Editor in 1.03 ms, found 0 plugins.
Preloading 0 native plugins for Editor in 0.00 ms.
Unloading 2621 Unused Serialized files (Serialized files now loaded: 0)
System memory in use before: 120.6 MB.
System memory in use after: 120.8 MB.

Unloading 7 unused Assets to reduce memory usage. Loaded Objects now: 3274.
Total: 6.146700 ms (FindLiveObjects: 0.623000 ms CreateObjectMapping: 0.171300 ms MarkObjects: 5.190200 ms  DeleteObjects: 0.159400 ms)

========================================================================
Received Import Request.
  Time since last request: 390.561411 seconds.
  path: Assets/GamePlay/Scripts/OpenScene.cs
  artifactKey: Guid(0d88c58a423565b4b99bfc0e41932bf0) Importer(815301076,1909f56bfc062723c751e8b465ee728b)
Start importing Assets/GamePlay/Scripts/OpenScene.cs using Guid(0d88c58a423565b4b99bfc0e41932bf0) Importer(815301076,1909f56bfc062723c751e8b465ee728b)  -> (artifact id: 'befb68b62c0b20894eeca12646785838') in 0.020094 seconds
  Import took 0.052263 seconds .

========================================================================
Received Import Request.
  Time since last request: 0.001130 seconds.
  path: Assets/GamePlay/Scripts/OpenScene.cs
  artifactKey: Guid(0d88c58a423565b4b99bfc0e41932bf0) Importer(815301076,1909f56bfc062723c751e8b465ee728b)
Start importing Assets/GamePlay/Scripts/OpenScene.cs using Guid(0d88c58a423565b4b99bfc0e41932bf0) Importer(815301076,1909f56bfc062723c751e8b465ee728b)  -> (artifact id: 'befb68b62c0b20894eeca12646785838') in 0.009841 seconds
  Import took 0.023750 seconds .

========================================================================
Received Import Request.
  Time since last request: 16.524568 seconds.
  path: Assets/GamePlay/Course Library/_Source_Files/FBX/SkyDome.fbx
  artifactKey: Guid(1340630fb7a3267499177be33f281f05) Importer(815301076,1909f56bfc062723c751e8b465ee728b)
Start importing Assets/GamePlay/Course Library/_Source_Files/FBX/SkyDome.fbx using Guid(1340630fb7a3267499177be33f281f05) Importer(815301076,1909f56bfc062723c751e8b465ee728b)  -> (artifact id: 'ba3161c100fbd7702917db071032f1e3') in 0.363564 seconds
  Import took 0.387539 seconds .

========================================================================
Received Import Request.
  Time since last request: 0.000633 seconds.
  path: Assets/GamePlay/Course Library/Textures/Ground/Grass.png
  artifactKey: Guid(3cf543484d2fb7347b203b934a632fa6) Importer(815301076,1909f56bfc062723c751e8b465ee728b)
Start importing Assets/GamePlay/Course Library/Textures/Ground/Grass.png using Guid(3cf543484d2fb7347b203b934a632fa6) Importer(815301076,1909f56bfc062723c751e8b465ee728b)  -> (artifact id: '97f4526a7124dbaf7c61adb89d7eb30e') in 0.046682 seconds
  Import took 0.081718 seconds .

========================================================================
Received Import Request.
  Time since last request: 0.000646 seconds.
  path: Assets/GamePlay/Course Library/Pickups/GoldCupIcon.prefab
  artifactKey: Guid(f20d096cd65070b4a89b6957463d432d) Importer(815301076,1909f56bfc062723c751e8b465ee728b)
Start importing Assets/GamePlay/Course Library/Pickups/GoldCupIcon.prefab using Guid(f20d096cd65070b4a89b6957463d432d) Importer(815301076,1909f56bfc062723c751e8b465ee728b)  -> (artifact id: '251ec467f0eba4667576d44a55edcf6d') in 0.031824 seconds
  Import took 0.044751 seconds .

========================================================================
Received Import Request.
  Time since last request: 0.000976 seconds.
  path: Assets/GamePlay/Course Library/Textures/Ground/Materials/Grass.mat
  artifactKey: Guid(5b7ef1bced4514b68ad742afc6c66e35) Importer(815301076,1909f56bfc062723c751e8b465ee728b)
Start importing Assets/GamePlay/Course Library/Textures/Ground/Materials/Grass.mat using Guid(5b7ef1bced4514b68ad742afc6c66e35) Importer(815301076,1909f56bfc062723c751e8b465ee728b)  -> (artifact id: '237540fa832330a7dbe8d086dd6936f2') in 0.244767 seconds
  Import took 0.305517 seconds .

========================================================================
Received Import Request.
  Time since last request: 0.000685 seconds.
  path: Assets/GamePlay/Course Library/Ground/Ground_Tile_Hex_FloatingIsland_01.prefab
  artifactKey: Guid(961be46ca9a355943ae3f65c47741bb0) Importer(815301076,1909f56bfc062723c751e8b465ee728b)
Start importing Assets/GamePlay/Course Library/Ground/Ground_Tile_Hex_FloatingIsland_01.prefab using Guid(961be46ca9a355943ae3f65c47741bb0) Importer(815301076,1909f56bfc062723c751e8b465ee728b)  -> (artifact id: '1dd889f76d5b8bee2fce119f0a8fc521') in 0.035060 seconds
  Import took 0.046111 seconds .

========================================================================
Received Import Request.
  Time since last request: 0.000822 seconds.
  path: Assets/GamePlay/Course Library/Pickups/Gem_01.prefab
  artifactKey: Guid(9e928de923724f54ea836e735efdd8b6) Importer(815301076,1909f56bfc062723c751e8b465ee728b)
Start importing Assets/GamePlay/Course Library/Pickups/Gem_01.prefab using Guid(9e928de923724f54ea836e735efdd8b6) Importer(815301076,1909f56bfc062723c751e8b465ee728b)  -> (artifact id: 'eb3fc3beed7ce568c9bb5a46e5b7ba8e') in 0.035000 seconds
  Import took 0.047050 seconds .

========================================================================
Received Import Request.
  Time since last request: 0.000750 seconds.
  path: Assets/GamePlay/Course Library/Ground/Ground_Tile_Cube_FloatingIsland_01.prefab
  artifactKey: Guid(c18b0566c0ca32548acca53d337698db) Importer(815301076,1909f56bfc062723c751e8b465ee728b)
Start importing Assets/GamePlay/Course Library/Ground/Ground_Tile_Cube_FloatingIsland_01.prefab using Guid(c18b0566c0ca32548acca53d337698db) Importer(815301076,1909f56bfc062723c751e8b465ee728b)  -> (artifact id: '63de6bcab76e84d189608adcd28b57b1') in 0.032538 seconds
  Import took 0.057841 seconds .

========================================================================
Received Import Request.
  Time since last request: 0.181458 seconds.
  path: Assets/GamePlay/Prefabs/Enemy/Enemy.prefab
  artifactKey: Guid(0229bf8ce53390b4795985627b3eab61) Importer(815301076,1909f56bfc062723c751e8b465ee728b)
Start importing Assets/GamePlay/Prefabs/Enemy/Enemy.prefab using Guid(0229bf8ce53390b4795985627b3eab61) Importer(815301076,1909f56bfc062723c751e8b465ee728b)  -> (artifact id: '434b31f58bac6829687eaba1032f49b8') in 0.037500 seconds
  Import took 0.053449 seconds .

========================================================================
Received Import Request.
  Time since last request: 0.000659 seconds.
  path: Assets/GamePlay/Course Library/Pickups/FireIcon.prefab
  artifactKey: Guid(18d064e59e399ac4ebf74eada94947af) Importer(815301076,1909f56bfc062723c751e8b465ee728b)
Start importing Assets/GamePlay/Course Library/Pickups/FireIcon.prefab using Guid(18d064e59e399ac4ebf74eada94947af) Importer(815301076,1909f56bfc062723c751e8b465ee728b)  -> (artifact id: 'c0887ef0736843bc1174bb98b258dd4b') in 0.029131 seconds
  Import took 0.071114 seconds .

========================================================================
Received Prepare
Registering precompiled user dll's ...
Registered in 0.004255 seconds.
Begin MonoManager ReloadAssembly
Native extension for WindowsStandalone target not found
Refreshing native plugins compatible for Editor in 1.13 ms, found 0 plugins.
Preloading 0 native plugins for Editor in 0.00 ms.
Invoked RoslynAnalysisRunner static constructor.
RoslynAnalysisRunner will not be running.
RoslynAnalysisRunner has terminated.
Mono: successfully reloaded assembly
- Completed reload, in  3.014 seconds
Platform modules already initialized, skipping
Shader 'Universal Render Pipeline/Particles/Lit': fallback shader 'Universal Render Pipeline/Particles/SimpleLit' not found
Refreshing native plugins compatible for Editor in 1.04 ms, found 0 plugins.
Preloading 0 native plugins for Editor in 0.00 ms.
Unloading 2620 Unused Serialized files (Serialized files now loaded: 0)
System memory in use before: 120.9 MB.
System memory in use after: 121.1 MB.

Unloading 9 unused Assets to reduce memory usage. Loaded Objects now: 3280.
Total: 5.803400 ms (FindLiveObjects: 0.636300 ms CreateObjectMapping: 0.226900 ms MarkObjects: 4.768000 ms  DeleteObjects: 0.169600 ms)

========================================================================
Received Prepare
Registering precompiled user dll's ...
Registered in 0.004054 seconds.
Begin MonoManager ReloadAssembly
Native extension for WindowsStandalone target not found
Refreshing native plugins compatible for Editor in 1.10 ms, found 0 plugins.
Preloading 0 native plugins for Editor in 0.00 ms.
Invoked RoslynAnalysisRunner static constructor.
RoslynAnalysisRunner will not be running.
RoslynAnalysisRunner has terminated.
Mono: successfully reloaded assembly
- Completed reload, in  2.997 seconds
Platform modules already initialized, skipping
Shader 'Universal Render Pipeline/Particles/Lit': fallback shader 'Universal Render Pipeline/Particles/SimpleLit' not found
Refreshing native plugins compatible for Editor in 1.08 ms, found 0 plugins.
Preloading 0 native plugins for Editor in 0.00 ms.
Unloading 2620 Unused Serialized files (Serialized files now loaded: 0)
System memory in use before: 120.9 MB.
System memory in use after: 121.1 MB.

Unloading 7 unused Assets to reduce memory usage. Loaded Objects now: 3282.
Total: 5.935100 ms (FindLiveObjects: 0.883100 ms CreateObjectMapping: 0.166400 ms MarkObjects: 4.716100 ms  DeleteObjects: 0.165800 ms)

========================================================================
Received Import Request.
  Time since last request: 61.480723 seconds.
  path: Assets/Scripts/GameManager.cs
  artifactKey: Guid(6e9a9c4b281f4da4793476b906aa1c42) Importer(815301076,1909f56bfc062723c751e8b465ee728b)
Start importing Assets/Scripts/GameManager.cs using Guid(6e9a9c4b281f4da4793476b906aa1c42) Importer(815301076,1909f56bfc062723c751e8b465ee728b)  -> (artifact id: 'c076da74e249ec4289432519133f9fff') in 0.022870 seconds
  Import took 0.036519 seconds .

========================================================================
Received Import Request.
  Time since last request: 0.002029 seconds.
  path: Assets/Scripts/GameManager.cs
  artifactKey: Guid(6e9a9c4b281f4da4793476b906aa1c42) Importer(815301076,1909f56bfc062723c751e8b465ee728b)
Start importing Assets/Scripts/GameManager.cs using Guid(6e9a9c4b281f4da4793476b906aa1c42) Importer(815301076,1909f56bfc062723c751e8b465ee728b)  -> (artifact id: 'c076da74e249ec4289432519133f9fff') in 0.009410 seconds
  Import took 0.020122 seconds .

========================================================================
Received Prepare
Registering precompiled user dll's ...
Registered in 0.003748 seconds.
Begin MonoManager ReloadAssembly
Native extension for WindowsStandalone target not found
Refreshing native plugins compatible for Editor in 1.06 ms, found 0 plugins.
Preloading 0 native plugins for Editor in 0.00 ms.
Invoked RoslynAnalysisRunner static constructor.
RoslynAnalysisRunner will not be running.
RoslynAnalysisRunner has terminated.
Mono: successfully reloaded assembly
- Completed reload, in  3.030 seconds
Platform modules already initialized, skipping
Shader 'Universal Render Pipeline/Particles/Lit': fallback shader 'Universal Render Pipeline/Particles/SimpleLit' not found
Refreshing native plugins compatible for Editor in 1.21 ms, found 0 plugins.
Preloading 0 native plugins for Editor in 0.00 ms.
Unloading 2621 Unused Serialized files (Serialized files now loaded: 0)
System memory in use before: 120.9 MB.
System memory in use after: 121.1 MB.

Unloading 7 unused Assets to reduce memory usage. Loaded Objects now: 3285.
Total: 9.342300 ms (FindLiveObjects: 1.078600 ms CreateObjectMapping: 0.325900 ms MarkObjects: 7.641800 ms  DeleteObjects: 0.292400 ms)

========================================================================
Received Prepare
Registering precompiled user dll's ...
Registered in 0.004577 seconds.
Begin MonoManager ReloadAssembly
Native extension for WindowsStandalone target not found
Refreshing native plugins compatible for Editor in 1.51 ms, found 0 plugins.
Preloading 0 native plugins for Editor in 0.00 ms.
Invoked RoslynAnalysisRunner static constructor.
RoslynAnalysisRunner will not be running.
RoslynAnalysisRunner has terminated.
Mono: successfully reloaded assembly
- Completed reload, in  3.313 seconds
Platform modules already initialized, skipping
Shader 'Universal Render Pipeline/Particles/Lit': fallback shader 'Universal Render Pipeline/Particles/SimpleLit' not found
Refreshing native plugins compatible for Editor in 1.01 ms, found 0 plugins.
Preloading 0 native plugins for Editor in 0.00 ms.
Unloading 2621 Unused Serialized files (Serialized files now loaded: 0)
System memory in use before: 120.9 MB.
System memory in use after: 121.1 MB.

Unloading 7 unused Assets to reduce memory usage. Loaded Objects now: 3287.
Total: 6.921200 ms (FindLiveObjects: 0.873700 ms CreateObjectMapping: 0.266400 ms MarkObjects: 5.554100 ms  DeleteObjects: 0.223800 ms)

========================================================================
Received Import Request.
  Time since last request: 115.395749 seconds.
  path: Assets/Scripts/GameManager.cs
  artifactKey: Guid(6e9a9c4b281f4da4793476b906aa1c42) Importer(815301076,1909f56bfc062723c751e8b465ee728b)
Start importing Assets/Scripts/GameManager.cs using Guid(6e9a9c4b281f4da4793476b906aa1c42) Importer(815301076,1909f56bfc062723c751e8b465ee728b)  -> (artifact id: '5558bb3489fa0b74d95871c4b134bea8') in 0.017135 seconds
  Import took 0.028199 seconds .

========================================================================
Received Prepare
Registering precompiled user dll's ...
Registered in 0.003704 seconds.
Begin MonoManager ReloadAssembly
Native extension for WindowsStandalone target not found
Refreshing native plugins compatible for Editor in 1.04 ms, found 0 plugins.
Preloading 0 native plugins for Editor in 0.00 ms.
Invoked RoslynAnalysisRunner static constructor.
RoslynAnalysisRunner will not be running.
RoslynAnalysisRunner has terminated.
Mono: successfully reloaded assembly
- Completed reload, in  3.082 seconds
Platform modules already initialized, skipping
Shader 'Universal Render Pipeline/Particles/Lit': fallback shader 'Universal Render Pipeline/Particles/SimpleLit' not found
Refreshing native plugins compatible for Editor in 1.02 ms, found 0 plugins.
Preloading 0 native plugins for Editor in 0.00 ms.
Unloading 2621 Unused Serialized files (Serialized files now loaded: 0)
System memory in use before: 120.9 MB.
System memory in use after: 121.1 MB.

Unloading 7 unused Assets to reduce memory usage. Loaded Objects now: 3289.
Total: 6.711100 ms (FindLiveObjects: 0.626900 ms CreateObjectMapping: 0.168900 ms MarkObjects: 5.716700 ms  DeleteObjects: 0.195400 ms)

========================================================================
Received Prepare
Registering precompiled user dll's ...
Registered in 0.005950 seconds.
Begin MonoManager ReloadAssembly
Native extension for WindowsStandalone target not found
Refreshing native plugins compatible for Editor in 1.47 ms, found 0 plugins.
Preloading 0 native plugins for Editor in 0.00 ms.
Invoked RoslynAnalysisRunner static constructor.
RoslynAnalysisRunner will not be running.
RoslynAnalysisRunner has terminated.
Mono: successfully reloaded assembly
- Completed reload, in  3.003 seconds
Platform modules already initialized, skipping
Shader 'Universal Render Pipeline/Particles/Lit': fallback shader 'Universal Render Pipeline/Particles/SimpleLit' not found
Refreshing native plugins compatible for Editor in 1.03 ms, found 0 plugins.
Preloading 0 native plugins for Editor in 0.00 ms.
Unloading 2621 Unused Serialized files (Serialized files now loaded: 0)
System memory in use before: 121.0 MB.
System memory in use after: 121.2 MB.

Unloading 7 unused Assets to reduce memory usage. Loaded Objects now: 3291.
Total: 6.861000 ms (FindLiveObjects: 0.817900 ms CreateObjectMapping: 0.166000 ms MarkObjects: 5.697000 ms  DeleteObjects: 0.176700 ms)

========================================================================
Received Prepare
Registering precompiled user dll's ...
Registered in 0.008004 seconds.
Begin MonoManager ReloadAssembly
Native extension for WindowsStandalone target not found
Refreshing native plugins compatible for Editor in 1.15 ms, found 0 plugins.
Preloading 0 native plugins for Editor in 0.00 ms.
Invoked RoslynAnalysisRunner static constructor.
RoslynAnalysisRunner will not be running.
RoslynAnalysisRunner has terminated.
Mono: successfully reloaded assembly
- Completed reload, in  2.983 seconds
Platform modules already initialized, skipping
Shader 'Universal Render Pipeline/Particles/Lit': fallback shader 'Universal Render Pipeline/Particles/SimpleLit' not found
Refreshing native plugins compatible for Editor in 1.01 ms, found 0 plugins.
Preloading 0 native plugins for Editor in 0.00 ms.
Unloading 2621 Unused Serialized files (Serialized files now loaded: 0)
System memory in use before: 121.0 MB.
System memory in use after: 121.2 MB.

Unloading 7 unused Assets to reduce memory usage. Loaded Objects now: 3293.
Total: 5.565100 ms (FindLiveObjects: 0.617900 ms CreateObjectMapping: 0.231300 ms MarkObjects: 4.548800 ms  DeleteObjects: 0.164300 ms)

========================================================================
Received Import Request.
  Time since last request: 342.152529 seconds.
  path: Assets/Scenes/GamePlay.unity
  artifactKey: Guid(a4b96ad7a65484fd4a83cb97540eee50) Importer(815301076,1909f56bfc062723c751e8b465ee728b)
Start importing Assets/Scenes/GamePlay.unity using Guid(a4b96ad7a65484fd4a83cb97540eee50) Importer(815301076,1909f56bfc062723c751e8b465ee728b)  -> (artifact id: 'f371568958f4e759f4a298b01f4cfa12') in 0.049943 seconds
  Import took 0.076179 seconds .

========================================================================
Received Prepare
Registering precompiled user dll's ...
Registered in 0.003777 seconds.
Begin MonoManager ReloadAssembly
Native extension for WindowsStandalone target not found
Refreshing native plugins compatible for Editor in 1.12 ms, found 0 plugins.
Preloading 0 native plugins for Editor in 0.00 ms.
Invoked RoslynAnalysisRunner static constructor.
RoslynAnalysisRunner will not be running.
RoslynAnalysisRunner has terminated.
Mono: successfully reloaded assembly
- Completed reload, in  2.953 seconds
Platform modules already initialized, skipping
Shader 'Universal Render Pipeline/Particles/Lit': fallback shader 'Universal Render Pipeline/Particles/SimpleLit' not found
Refreshing native plugins compatible for Editor in 1.21 ms, found 0 plugins.
Preloading 0 native plugins for Editor in 0.00 ms.
Unloading 2621 Unused Serialized files (Serialized files now loaded: 0)
System memory in use before: 121.0 MB.
System memory in use after: 121.2 MB.

Unloading 7 unused Assets to reduce memory usage. Loaded Objects now: 3295.
Total: 6.841600 ms (FindLiveObjects: 0.912700 ms CreateObjectMapping: 0.220600 ms MarkObjects: 5.536500 ms  DeleteObjects: 0.168900 ms)

========================================================================
Received Import Request.
  Time since last request: 371.417059 seconds.
  path: Assets/Scripts/PlayerController.cs
  artifactKey: Guid(5b3a6b157417e1241afc6aea11d71464) Importer(815301076,1909f56bfc062723c751e8b465ee728b)
Start importing Assets/Scripts/PlayerController.cs using Guid(5b3a6b157417e1241afc6aea11d71464) Importer(815301076,1909f56bfc062723c751e8b465ee728b)  -> (artifact id: '3ca7506dec6f56738a1ebf3f4d2cd032') in 0.021200 seconds
  Import took 0.069113 seconds .

========================================================================
Received Import Request.
  Time since last request: 0.037510 seconds.
  path: Assets/Scripts/PlayerController.cs
  artifactKey: Guid(5b3a6b157417e1241afc6aea11d71464) Importer(815301076,1909f56bfc062723c751e8b465ee728b)
Start importing Assets/Scripts/PlayerController.cs using Guid(5b3a6b157417e1241afc6aea11d71464) Importer(815301076,1909f56bfc062723c751e8b465ee728b)  -> (artifact id: '3ca7506dec6f56738a1ebf3f4d2cd032') in 0.010166 seconds
  Import took 0.022364 seconds .

AssetImportWorkerClient::OnTransportError - code=2 error=End of file
